#
# There is insufficient memory for the Java Runtime Environment to continue.
# Native memory allocation (malloc) failed to allocate 32744 bytes for ChunkPool::allocate
# Possible reasons:
#   The system is out of physical RAM or swap space
#   The process is running with CompressedOops enabled, and the Java Heap may be blocking the growth of the native heap
# Possible solutions:
#   Reduce memory load on the system
#   Increase physical memory or swap space
#   Check if swap backing store is full
#   Decrease Java heap size (-Xmx/-Xms)
#   Decrease number of Java threads
#   Decrease Java thread stack sizes (-Xss)
#   Set larger code cache with -XX:ReservedCodeCacheSize=
#   JVM is running with Unscaled Compressed Oops mode in which the Java heap is
#     placed in the first 4GB address space. The Java Heap base address is the
#     maximum limit for the native heap growth. Please use -XX:HeapBaseMinAddress
#     to set the Java Heap base and to place the Java Heap above 4GB virtual address.
# This output file may be truncated or incomplete.
#
#  Out of Memory Error (allocation.cpp:272), pid=11672, tid=0x000000000000402c
#
# JRE version: OpenJDK Runtime Environment (8.0_242-b01) (build 1.8.0_242-release-1644-b01)
# Java VM: OpenJDK 64-Bit Server VM (25.242-b01 mixed mode windows-amd64 compressed oops)
# Failed to write core dump. Minidumps are not enabled by default on client versions of Windows
#

---------------  T H R E A D  ---------------

Current thread (0x0000000015226000):  JavaThread "C1 CompilerThread2" daemon [_thread_in_native, id=16428, stack(0x0000000016e30000,0x0000000016f30000)]

Stack: [0x0000000016e30000,0x0000000016f30000]
[error occurred during error reporting (printing stack bounds), id 0xc0000005]

Native frames: (J=compiled Java code, j=interpreted, Vv=VM code, C=native code)


Current CompileTask:
C1:   7298  836       3       java.net.URI::quote (208 bytes)


---------------  P R O C E S S  ---------------

Java Threads: ( => current thread )
  0x00000000176b9800 JavaThread "pool-1-thread-1" [_thread_blocked, id=14948, stack(0x0000000017930000,0x0000000017a30000)]
  0x000000001522b800 JavaThread "Service Thread" daemon [_thread_blocked, id=11476, stack(0x0000000016f30000,0x0000000017030000)]
=>0x0000000015226000 JavaThread "C1 CompilerThread2" daemon [_thread_in_native, id=16428, stack(0x0000000016e30000,0x0000000016f30000)]
  0x00000000151f9000 JavaThread "C2 CompilerThread1" daemon [_thread_in_native, id=15372, stack(0x0000000016930000,0x0000000016a30000)]
  0x00000000151d9800 JavaThread "C2 CompilerThread0" daemon [_thread_in_native, id=8696, stack(0x0000000016830000,0x0000000016930000)]
  0x00000000151d7000 JavaThread "Attach Listener" daemon [_thread_blocked, id=14684, stack(0x0000000016730000,0x0000000016830000)]
  0x00000000151d6000 JavaThread "Signal Dispatcher" daemon [_thread_blocked, id=7608, stack(0x0000000016630000,0x0000000016730000)]
  0x0000000002cd7800 JavaThread "Finalizer" daemon [_thread_blocked, id=14872, stack(0x0000000016430000,0x0000000016530000)]
  0x0000000002cd2800 JavaThread "Reference Handler" daemon [_thread_blocked, id=13548, stack(0x0000000016330000,0x0000000016430000)]
  0x0000000002be2800 JavaThread "main" [_thread_in_Java, id=17400, stack(0x0000000002ae0000,0x0000000002be0000)]

Other Threads:
  0x0000000015197800 VMThread [stack: 0x0000000016230000,0x0000000016330000] [id=9688]
  0x000000001522d000 WatcherThread [stack: 0x0000000017030000,0x0000000017130000] [id=6688]

VM state:not at safepoint (normal execution)

VM Mutex/Monitor currently owned by a thread: None

heap address: 0x00000000c3400000, size: 972 MB, Compressed Oops mode: 32-bit
Narrow klass base: 0x0000000000000000, Narrow klass shift: 3
Compressed class space size: 1073741824 Address: 0x0000000100000000

Heap:
 PSYoungGen      total 18432K, used 7795K [0x00000000ebc00000, 0x00000000ee000000, 0x0000000100000000)
  eden space 15872K, 33% used [0x00000000ebc00000,0x00000000ec124d90,0x00000000ecb80000)
  from space 2560K, 98% used [0x00000000edd80000,0x00000000edff8040,0x00000000ee000000)
  to   space 2560K, 0% used [0x00000000ecb80000,0x00000000ecb80000,0x00000000ece00000)
 ParOldGen       total 42496K, used 1136K [0x00000000c3400000, 0x00000000c5d80000, 0x00000000ebc00000)
  object space 42496K, 2% used [0x00000000c3400000,0x00000000c351c388,0x00000000c5d80000)
 Metaspace       used 9428K, capacity 9750K, committed 9856K, reserved 1058816K
  class space    used 1243K, capacity 1357K, committed 1408K, reserved 1048576K

Card table byte_map: [0x00000000120a0000,0x0000000012290000] byte_map_base: 0x0000000011a86000

Marking Bits: (ParMarkBitMap*) 0x000000005e4ef030
 Begin Bits: [0x00000000127e0000, 0x0000000013710000)
 End Bits:   [0x0000000013710000, 0x0000000014640000)

Polling page: 0x0000000001080000

CodeCache: size=245760Kb used=3069Kb max_used=3069Kb free=242690Kb
 bounds [0x0000000002ce0000, 0x0000000002ff0000, 0x0000000011ce0000]
 total_blobs=1173 nmethods=832 adapters=256
 compilation: enabled

Compilation events (10 events):
Event: 7.229 Thread 0x0000000015226000 nmethod 829 0x0000000002fdb710 code [0x0000000002fdbae0, 0x0000000002fddd68]
Event: 7.229 Thread 0x0000000015226000  830       3       java.io.DataInputStream::readFully (63 bytes)
Event: 7.229 Thread 0x0000000015226000 nmethod 830 0x0000000002fd8ad0 code [0x0000000002fd8c80, 0x0000000002fd9168]
Event: 7.232 Thread 0x0000000015226000  831  s    3       java.io.BufferedOutputStream::write (35 bytes)
Event: 7.233 Thread 0x0000000015226000 nmethod 831 0x0000000002fdf290 code [0x0000000002fdf420, 0x0000000002fdf8e8]
Event: 7.233 Thread 0x0000000015226000  832       3       java.io.DataOutputStream::writeUTF (7 bytes)
Event: 7.233 Thread 0x0000000015226000 nmethod 832 0x0000000002fd8750 code [0x0000000002fd88c0, 0x0000000002fd8a48]
Event: 7.274 Thread 0x00000000151d9800  833       4       sun.net.www.ParseUtil::encodePath (336 bytes)
Event: 7.284 Thread 0x00000000151f9000  834       4       java.io.WinNTFileSystem::normalize (143 bytes)
Event: 7.292 Thread 0x0000000015226000  836       3       java.net.URI::quote (208 bytes)

GC Heap History (4 events):
Event: 2.896 GC heap before
{Heap before GC invocations=1 (full 0):
 PSYoungGen      total 18432K, used 15872K [0x00000000ebc00000, 0x00000000ed080000, 0x0000000100000000)
  eden space 15872K, 100% used [0x00000000ebc00000,0x00000000ecb80000,0x00000000ecb80000)
  from space 2560K, 0% used [0x00000000ece00000,0x00000000ece00000,0x00000000ed080000)
  to   space 2560K, 0% used [0x00000000ecb80000,0x00000000ecb80000,0x00000000ece00000)
 ParOldGen       total 42496K, used 0K [0x00000000c3400000, 0x00000000c5d80000, 0x00000000ebc00000)
  object space 42496K, 0% used [0x00000000c3400000,0x00000000c3400000,0x00000000c5d80000)
 Metaspace       used 5715K, capacity 5944K, committed 6144K, reserved 1056768K
  class space    used 681K, capacity 768K, committed 768K, reserved 1048576K
Event: 2.929 GC heap after
Heap after GC invocations=1 (full 0):
 PSYoungGen      total 18432K, used 2474K [0x00000000ebc00000, 0x00000000ee000000, 0x0000000100000000)
  eden space 15872K, 0% used [0x00000000ebc00000,0x00000000ebc00000,0x00000000ecb80000)
  from space 2560K, 96% used [0x00000000ecb80000,0x00000000ecdeaac8,0x00000000ece00000)
  to   space 2560K, 0% used [0x00000000edd80000,0x00000000edd80000,0x00000000ee000000)
 ParOldGen       total 42496K, used 8K [0x00000000c3400000, 0x00000000c5d80000, 0x00000000ebc00000)
  object space 42496K, 0% used [0x00000000c3400000,0x00000000c3402000,0x00000000c5d80000)
 Metaspace       used 5715K, capacity 5944K, committed 6144K, reserved 1056768K
  class space    used 681K, capacity 768K, committed 768K, reserved 1048576K
}
Event: 4.377 GC heap before
{Heap before GC invocations=2 (full 0):
 PSYoungGen      total 18432K, used 18346K [0x00000000ebc00000, 0x00000000ee000000, 0x0000000100000000)
  eden space 15872K, 100% used [0x00000000ebc00000,0x00000000ecb80000,0x00000000ecb80000)
  from space 2560K, 96% used [0x00000000ecb80000,0x00000000ecdeaac8,0x00000000ece00000)
  to   space 2560K, 0% used [0x00000000edd80000,0x00000000edd80000,0x00000000ee000000)
 ParOldGen       total 42496K, used 8K [0x00000000c3400000, 0x00000000c5d80000, 0x00000000ebc00000)
  object space 42496K, 0% used [0x00000000c3400000,0x00000000c3402000,0x00000000c5d80000)
 Metaspace       used 8573K, capacity 8790K, committed 8960K, reserved 1056768K
  class space    used 1124K, capacity 1229K, committed 1280K, reserved 1048576K
Event: 4.389 GC heap after
Heap after GC invocations=2 (full 0):
 PSYoungGen      total 18432K, used 2528K [0x00000000ebc00000, 0x00000000ee000000, 0x0000000100000000)
  eden space 15872K, 0% used [0x00000000ebc00000,0x00000000ebc00000,0x00000000ecb80000)
  from space 2560K, 98% used [0x00000000edd80000,0x00000000edff8040,0x00000000ee000000)
  to   space 2560K, 0% used [0x00000000ecb80000,0x00000000ecb80000,0x00000000ece00000)
 ParOldGen       total 42496K, used 1136K [0x00000000c3400000, 0x00000000c5d80000, 0x00000000ebc00000)
  object space 42496K, 2% used [0x00000000c3400000,0x00000000c351c388,0x00000000c5d80000)
 Metaspace       used 8573K, capacity 8790K, committed 8960K, reserved 1056768K
  class space    used 1124K, capacity 1229K, committed 1280K, reserved 1048576K
}

Deoptimization events (9 events):
Event: 3.082 Thread 0x0000000002be2800 Uncommon trap: reason=unstable_if action=reinterpret pc=0x0000000002e72000 method=java.util.regex.Matcher.reset()Ljava/util/regex/Matcher; @ 47
Event: 3.082 Thread 0x0000000002be2800 Uncommon trap: reason=class_check action=maybe_recompile pc=0x0000000002e77890 method=java.util.regex.Matcher.match(II)Z @ 86
Event: 3.082 Thread 0x0000000002be2800 Uncommon trap: reason=class_check action=maybe_recompile pc=0x0000000002e77890 method=java.util.regex.Matcher.match(II)Z @ 86
Event: 3.083 Thread 0x0000000002be2800 Uncommon trap: reason=class_check action=maybe_recompile pc=0x0000000002e77890 method=java.util.regex.Matcher.match(II)Z @ 86
Event: 3.083 Thread 0x0000000002be2800 Uncommon trap: reason=class_check action=maybe_recompile pc=0x0000000002e77890 method=java.util.regex.Matcher.match(II)Z @ 86
Event: 4.041 Thread 0x0000000002be2800 Uncommon trap: reason=unstable_if action=reinterpret pc=0x0000000002f49960 method=java.util.HashMap.hash(Ljava/lang/Object;)I @ 1
Event: 4.042 Thread 0x0000000002be2800 Uncommon trap: reason=unstable_if action=reinterpret pc=0x0000000002e99b68 method=java.util.HashMap.hash(Ljava/lang/Object;)I @ 1
Event: 4.415 Thread 0x0000000002be2800 Uncommon trap: reason=unstable_if action=reinterpret pc=0x0000000002f45afc method=java.util.HashMap.getNode(ILjava/lang/Object;)Ljava/util/HashMap$Node; @ 129
Event: 4.415 Thread 0x0000000002be2800 Uncommon trap: reason=class_check action=maybe_recompile pc=0x0000000002f626c8 method=java.util.HashMap.putVal(ILjava/lang/Object;Ljava/lang/Object;ZZ)Ljava/lang/Object; @ 203

Classes redefined (0 events):
No events

Internal exceptions (10 events):
Event: 4.042 Thread 0x0000000002be2800 Implicit null exception at 0x0000000002e99aef to 0x0000000002e99b59
Event: 4.062 Thread 0x0000000002be2800 Exception <a 'java/lang/ArrayIndexOutOfBoundsException'> (0x00000000ec70fff8) thrown at [C:\src\AOSP-openjdk-git\hotspot\src\share\vm\runtime\sharedRuntime.cpp, line 605]
Event: 4.064 Thread 0x0000000002be2800 Exception <a 'java/lang/ArrayIndexOutOfBoundsException'> (0x00000000ec714338) thrown at [C:\src\AOSP-openjdk-git\hotspot\src\share\vm\runtime\sharedRuntime.cpp, line 605]
Event: 4.077 Thread 0x0000000002be2800 Exception <a 'java/lang/ArrayIndexOutOfBoundsException'> (0x00000000ec777020) thrown at [C:\src\AOSP-openjdk-git\hotspot\src\share\vm\runtime\sharedRuntime.cpp, line 605]
Event: 4.080 Thread 0x0000000002be2800 Exception <a 'java/lang/ArrayIndexOutOfBoundsException'> (0x00000000ec7783e8) thrown at [C:\src\AOSP-openjdk-git\hotspot\src\share\vm\runtime\sharedRuntime.cpp, line 605]
Event: 4.081 Thread 0x0000000002be2800 Exception <a 'java/lang/ArrayIndexOutOfBoundsException'> (0x00000000ec779a68) thrown at [C:\src\AOSP-openjdk-git\hotspot\src\share\vm\runtime\sharedRuntime.cpp, line 605]
Event: 4.081 Thread 0x0000000002be2800 Exception <a 'java/lang/ArrayIndexOutOfBoundsException'> (0x00000000ec77d208) thrown at [C:\src\AOSP-openjdk-git\hotspot\src\share\vm\runtime\sharedRuntime.cpp, line 605]
Event: 4.097 Thread 0x0000000002be2800 Exception <a 'java/lang/ArrayIndexOutOfBoundsException'> (0x00000000ec77eb98) thrown at [C:\src\AOSP-openjdk-git\hotspot\src\share\vm\runtime\sharedRuntime.cpp, line 605]
Event: 4.260 Thread 0x0000000002be2800 Exception <a 'java/lang/NoSuchFieldError': method resolution failed> (0x00000000ec949a40) thrown at [C:\src\AOSP-openjdk-git\hotspot\src\share\vm\prims\methodHandles.cpp, line 1167]
Event: 4.264 Thread 0x0000000002be2800 Exception <a 'java/lang/NoSuchFieldError': method resolution failed> (0x00000000ec957500) thrown at [C:\src\AOSP-openjdk-git\hotspot\src\share\vm\prims\methodHandles.cpp, line 1167]

Events (10 events):
Event: 7.281 loading class org/gradle/internal/classloader/ClasspathUtil$1
Event: 7.281 loading class org/gradle/internal/classloader/ClasspathUtil$1 done
Event: 7.281 loading class org/gradle/internal/classloader/ClassLoaderVisitor
Event: 7.281 loading class org/gradle/internal/classloader/ClassLoaderVisitor done
Event: 7.282 loading class org/gradle/internal/classloader/ClassLoaderHierarchy
Event: 7.282 loading class org/gradle/internal/classloader/ClassLoaderHierarchy done
Event: 7.286 loading class org/gradle/internal/classloader/SystemClassLoaderSpec
Event: 7.286 loading class org/gradle/internal/classloader/SystemClassLoaderSpec done
Event: 7.286 loading class org/gradle/internal/classloader/ClassLoaderSpec
Event: 7.286 loading class org/gradle/internal/classloader/ClassLoaderSpec done


Dynamic libraries:
0x00007ff7db380000 - 0x00007ff7db3b1000 	C:\Program Files\Android\Android Studio\jre\bin\java.exe
0x00007ff975730000 - 0x00007ff97591d000 	C:\Windows\SYSTEM32\ntdll.dll
0x00007ff972fe0000 - 0x00007ff973093000 	C:\Windows\System32\KERNEL32.DLL
0x00007ff971f10000 - 0x00007ff9721a5000 	C:\Windows\System32\KERNELBASE.dll
0x00007ff974d00000 - 0x00007ff974da3000 	C:\Windows\System32\ADVAPI32.dll
0x00007ff972950000 - 0x00007ff9729ee000 	C:\Windows\System32\msvcrt.dll
0x00007ff974c60000 - 0x00007ff974cfe000 	C:\Windows\System32\sechost.dll
0x00007ff972bd0000 - 0x00007ff972cf2000 	C:\Windows\System32\RPCRT4.dll
0x00007ff974db0000 - 0x00007ff974f47000 	C:\Windows\System32\USER32.dll
0x00007ff9718a0000 - 0x00007ff9718c0000 	C:\Windows\System32\win32u.dll
0x00007ff9730a0000 - 0x00007ff9730c9000 	C:\Windows\System32\GDI32.dll
0x00007ff971b70000 - 0x00007ff971d0a000 	C:\Windows\System32\gdi32full.dll
0x00007ff971d10000 - 0x00007ff971db0000 	C:\Windows\System32\msvcp_win.dll
0x00007ff971e10000 - 0x00007ff971f0a000 	C:\Windows\System32\ucrtbase.dll
0x00007ff960880000 - 0x00007ff960af9000 	C:\Windows\WinSxS\amd64_microsoft.windows.common-controls_6595b64144ccf1df_6.0.17763.1282_none_de75b6f253473c0f\COMCTL32.dll
0x00007ff974f50000 - 0x00007ff97527c000 	C:\Windows\System32\combase.dll
0x00007ff971ac0000 - 0x00007ff971b3e000 	C:\Windows\System32\bcryptPrimitives.dll
0x00007ff9730d0000 - 0x00007ff9730fe000 	C:\Windows\System32\IMM32.DLL
0x000000005e880000 - 0x000000005e952000 	C:\Program Files\Android\Android Studio\jre\jre\bin\msvcr100.dll
0x000000005dd20000 - 0x000000005e56b000 	C:\Program Files\Android\Android Studio\jre\jre\bin\server\jvm.dll
0x00007ff974b80000 - 0x00007ff974b88000 	C:\Windows\System32\PSAPI.DLL
0x00007ff96eff0000 - 0x00007ff96eff9000 	C:\Windows\SYSTEM32\WSOCK32.dll
0x00007ff974bf0000 - 0x00007ff974c5d000 	C:\Windows\System32\WS2_32.dll
0x00007ff96f330000 - 0x00007ff96f354000 	C:\Windows\SYSTEM32\WINMM.dll
0x00007ff970280000 - 0x00007ff97028a000 	C:\Windows\SYSTEM32\VERSION.dll
0x00007ff96f1e0000 - 0x00007ff96f20d000 	C:\Windows\SYSTEM32\WINMMBASE.dll
0x00007ff9721b0000 - 0x00007ff9721fa000 	C:\Windows\System32\cfgmgr32.dll
0x00007ff96b3a0000 - 0x00007ff96b3af000 	C:\Program Files\Android\Android Studio\jre\jre\bin\verify.dll
0x00007ff96a8a0000 - 0x00007ff96a8c9000 	C:\Program Files\Android\Android Studio\jre\jre\bin\java.dll
0x00007ff969940000 - 0x00007ff969956000 	C:\Program Files\Android\Android Studio\jre\jre\bin\zip.dll
0x00007ff973320000 - 0x00007ff974818000 	C:\Windows\System32\SHELL32.dll
0x00007ff974940000 - 0x00007ff9749e8000 	C:\Windows\System32\shcore.dll
0x00007ff972200000 - 0x00007ff97294f000 	C:\Windows\System32\windows.storage.dll
0x00007ff9717c0000 - 0x00007ff9717e4000 	C:\Windows\System32\profapi.dll
0x00007ff971720000 - 0x00007ff97177d000 	C:\Windows\System32\powrprof.dll
0x00007ff974b90000 - 0x00007ff974be2000 	C:\Windows\System32\shlwapi.dll
0x00007ff9717a0000 - 0x00007ff9717b1000 	C:\Windows\System32\kernel.appcore.dll
0x00007ff9718c0000 - 0x00007ff9718d7000 	C:\Windows\System32\cryptsp.dll
0x00007ff968180000 - 0x00007ff96819a000 	C:\Program Files\Android\Android Studio\jre\jre\bin\net.dll
0x00007ff970f20000 - 0x00007ff970f87000 	C:\Windows\system32\mswsock.dll
0x00007ff9668d0000 - 0x00007ff9668e3000 	C:\Program Files\Android\Android Studio\jre\jre\bin\nio.dll
0x00007ff96bd00000 - 0x00007ff96bd26000 	C:\Users\Nawar\.gradle\native\30\windows-amd64\native-platform.dll
0x00007ff96b230000 - 0x00007ff96b23d000 	C:\Program Files\Android\Android Studio\jre\jre\bin\management.dll
0x00007ff970aa0000 - 0x00007ff970ad3000 	C:\Windows\system32\rsaenh.dll
0x00007ff971b40000 - 0x00007ff971b66000 	C:\Windows\System32\bcrypt.dll
0x00007ff971650000 - 0x00007ff971678000 	C:\Windows\SYSTEM32\USERENV.dll
0x00007ff971150000 - 0x00007ff97115c000 	C:\Windows\SYSTEM32\CRYPTBASE.dll
0x00007ff970c40000 - 0x00007ff970c7d000 	C:\Windows\SYSTEM32\IPHLPAPI.DLL
0x00007ff974820000 - 0x00007ff974828000 	C:\Windows\System32\NSI.dll
0x00007ff96b0f0000 - 0x00007ff96b106000 	C:\Windows\SYSTEM32\dhcpcsvc6.DLL
0x00007ff96b0d0000 - 0x00007ff96b0ec000 	C:\Windows\SYSTEM32\dhcpcsvc.DLL
0x00007ff970c80000 - 0x00007ff970d47000 	C:\Windows\SYSTEM32\DNSAPI.dll

VM Arguments:
jvm_args: -Dorg.gradle.appname=gradlew 
java_command: org.gradle.wrapper.GradleWrapperMain -q -Ptarget-platform=android-arm64 -Ptarget=E:\Android_Studio_Projects\couponsgate-app\lib\main.dart -Ptrack-widget-creation=true -Pfilesystem-scheme=org-dartlang-root -Pdart-defines=flutter.inspector.structuredErrors%3Dtrue assembleDebug
java_class_path (initial): E:\Android_Studio_Projects\couponsgate-app\android\\gradle\wrapper\gradle-wrapper.jar
Launcher Type: SUN_STANDARD

Environment Variables:
JAVA_HOME=C:\Program Files\Android\Android Studio\jre
JRE_HOME=C:\Program Files (x86)\Java\jre1.8.0_241
CLASSPATH=E:\Android_Studio_Projects\couponsgate-app\android\\gradle\wrapper\gradle-wrapper.jar
PATH=C:\Program Files (x86)\Common Files\Oracle\Java\javapath;C:\Windows\system32;C:\Windows;C:\Windows\System32\Wbem;C:\Windows\System32\WindowsPowerShell\v1.0\;C:\Windows\System32\OpenSSH\;C:\Program Files (x86)\Brackets\command;C:\Users\Nawar\.dnx\bin;C:\Program Files\Microsoft DNX\Dnvm\;C:\Program Files\Microsoft SQL Server\120\Tools\Binn\;C:\Program Files (x86)\Windows Kits\8.1\Windows Performance Toolkit\;C:\Program Files\Microsoft SQL Server\Client SDK\ODBC\130\Tools\Binn\;C:\Program Files (x86)\Microsoft SQL Server\140\Tools\Binn\;C:\Program Files\Microsoft SQL Server\140\Tools\Binn\;C:\Program Files\Microsoft SQL Server\140\DTS\Binn\;C:\Program Files (x86)\Microsoft SQL Server\Client SDK\ODBC\130\Tools\Binn\;C:\Program Files (x86)\Microsoft SQL Server\140\DTS\Binn\;C:\Program Files (x86)\Microsoft SQL Server\140\Tools\Binn\ManagementStudio\;C:\Flutter SDK\flutter\bin;C:\Program Files\Java\jre6\bin;C:\Program Files\Java\jdk-12.0.2\bin;C:\xampp\php;C:\ProgramData\ComposerSetup\bin;C:\Program Files\nodejs\;C:\Program Files\Git\cmd;C:\Program Files\MATLAB\MATLAB Production Server\R2015a\runtime\win64;C:\Program Files\MATLAB\MATLAB Production Server\R2015a\bin;C:\Program Files\MATLAB\MATLAB Production Server\R2015a\polyspace\bin;C:\Users\Nawar\AppData\Local\Programs\Python\Python38\Scripts\;C:\Users\Nawar\AppData\Local\Programs\Python\Python38\;C:\Users\Nawar\AppData\Local\Programs\Python\Launcher\;C:\Users\Nawar\AppData\Local\Microsoft\WindowsApps;C:\Flutter SDK\flutter\bin;C:\Users\Nawar\AppData\Local\Programs\Microsoft VS Code\bin;C:\Program Files\JetBrains\PyCharm Community Edition 2020.1.2\bin;;C:\Users\Nawar\AppData\Roaming\Composer\vendor\bin;C:\xampp\mysql\bin;C:\Users\Nawar\AppData\Roaming\npm;C:\Flutter SDK\flutter\bin\mingit\cmd
USERNAME=Nawar
OS=Windows_NT
PROCESSOR_IDENTIFIER=Intel64 Family 6 Model 37 Stepping 5, GenuineIntel



---------------  S Y S T E M  ---------------

OS: Windows 10.0 , 64 bit Build 17763 (10.0.17763.1158)

CPU:total 4 (initial active 4) (2 cores per cpu, 2 threads per core) family 6 model 37 stepping 5, cmov, cx8, fxsr, mmx, sse, sse2, sse3, ssse3, sse4.1, sse4.2, popcnt, aes, clmul, ht, tsc, tscinvbit

Memory: 4k page, physical 3980672k(301448k free), swap 16039296k(784k free)

vm_info: OpenJDK 64-Bit Server VM (25.242-b01) for windows-amd64 JRE (1.8.0_242-release-1644-b01), built by "builder" with MS VC++ 10.0 (VS2010)

time: Sat Dec 26 12:17:01 2020
timezone: Syria Standard Time
elapsed time: 7 seconds (0d 0h 0m 7s)

